<?xml version="1.0" encoding="UTF-8"?>
<coverage generated="1636450540866" clover="3.2.0">
  <project timestamp="1636450540866" name="All files">
    <metrics statements="32" coveredstatements="29" conditionals="19" coveredconditionals="15" methods="7" coveredmethods="7" elements="58" coveredelements="51" complexity="0" loc="32" ncloc="32" packages="5" files="5" classes="5"/>
    <package name="functions.classnames">
      <metrics statements="13" coveredstatements="12" conditionals="12" coveredconditionals="11" methods="1" coveredmethods="1"/>
      <file name="classnames.ts" path="/Users/aras/Desktop/GitHub/mandalina/src/functions/classnames/classnames.ts">
        <metrics statements="13" coveredstatements="12" conditionals="12" coveredconditionals="11" methods="1" coveredmethods="1"/>
        <line num="13" count="4" type="stmt"/>
        <line num="15" count="4" type="stmt"/>
        <line num="16" count="11" type="stmt"/>
        <line num="18" count="11" type="cond" truecount="2" falsecount="0"/>
        <line num="19" count="8" type="cond" truecount="2" falsecount="0"/>
        <line num="20" count="3" type="stmt"/>
        <line num="21" count="5" type="cond" truecount="2" falsecount="0"/>
        <line num="22" count="4" type="cond" truecount="1" falsecount="1"/>
        <line num="23" count="4" type="stmt"/>
        <line num="24" count="4" type="cond" truecount="4" falsecount="0"/>
        <line num="25" count="3" type="stmt"/>
        <line num="29" count="0" type="stmt"/>
        <line num="35" count="4" type="stmt"/>
      </file>
    </package>
    <package name="functions.uid">
      <metrics statements="4" coveredstatements="4" conditionals="2" coveredconditionals="1" methods="2" coveredmethods="2"/>
      <file name="uid.ts" path="/Users/aras/Desktop/GitHub/mandalina/src/functions/uid/uid.ts">
        <metrics statements="4" coveredstatements="4" conditionals="2" coveredconditionals="1" methods="2" coveredmethods="2"/>
        <line num="11" count="1" type="stmt"/>
        <line num="12" count="24" type="stmt"/>
        <line num="13" count="24" type="cond" truecount="1" falsecount="1"/>
        <line num="15" count="24" type="stmt"/>
      </file>
    </package>
    <package name="utils.crypto">
      <metrics statements="6" coveredstatements="5" conditionals="0" coveredconditionals="0" methods="2" coveredmethods="2"/>
      <file name="crypto.ts" path="/Users/aras/Desktop/GitHub/mandalina/src/utils/crypto/crypto.ts">
        <metrics statements="6" coveredstatements="5" conditionals="0" coveredconditionals="0" methods="2" coveredmethods="2"/>
        <line num="11" count="1" type="stmt"/>
        <line num="12" count="1" type="stmt"/>
        <line num="25" count="1" type="stmt"/>
        <line num="26" count="1" type="stmt"/>
        <line num="27" count="1" type="stmt"/>
        <line num="29" count="0" type="stmt"/>
      </file>
    </package>
    <package name="utils.number">
      <metrics statements="2" coveredstatements="2" conditionals="0" coveredconditionals="0" methods="1" coveredmethods="1"/>
      <file name="number.ts" path="/Users/aras/Desktop/GitHub/mandalina/src/utils/number/number.ts">
        <metrics statements="2" coveredstatements="2" conditionals="0" coveredconditionals="0" methods="1" coveredmethods="1"/>
        <line num="11" count="1" type="stmt"/>
        <line num="12" count="2" type="stmt"/>
      </file>
    </package>
    <package name="utils.string">
      <metrics statements="7" coveredstatements="6" conditionals="5" coveredconditionals="3" methods="1" coveredmethods="1"/>
      <file name="string.ts" path="/Users/aras/Desktop/GitHub/mandalina/src/utils/string/string.ts">
        <metrics statements="7" coveredstatements="6" conditionals="5" coveredconditionals="3" methods="1" coveredmethods="1"/>
        <line num="9" count="1" type="cond" truecount="0" falsecount="1"/>
        <line num="10" count="2" type="cond" truecount="1" falsecount="1"/>
        <line num="11" count="2" type="stmt"/>
        <line num="13" count="2" type="cond" truecount="2" falsecount="0"/>
        <line num="14" count="1" type="stmt"/>
        <line num="17" count="1" type="stmt"/>
        <line num="20" count="0" type="stmt"/>
      </file>
    </package>
  </project>
</coverage>
