{"/Users/aras/Desktop/GitHub/mandalina/src/functions/classnames/classnames.ts": {"path":"/Users/aras/Desktop/GitHub/mandalina/src/functions/classnames/classnames.ts","statementMap":{"0":{"start":{"line":13,"column":31},"end":{"line":13,"column":33}},"1":{"start":{"line":15,"column":2},"end":{"line":33,"column":3}},"2":{"start":{"line":15,"column":15},"end":{"line":15,"column":16}},"3":{"start":{"line":16,"column":16},"end":{"line":16,"column":23}},"4":{"start":{"line":18,"column":4},"end":{"line":32,"column":5}},"5":{"start":{"line":19,"column":6},"end":{"line":31,"column":7}},"6":{"start":{"line":20,"column":8},"end":{"line":20,"column":28}},"7":{"start":{"line":21,"column":13},"end":{"line":31,"column":7}},"8":{"start":{"line":22,"column":8},"end":{"line":30,"column":9}},"9":{"start":{"line":23,"column":10},"end":{"line":27,"column":11}},"10":{"start":{"line":24,"column":12},"end":{"line":26,"column":13}},"11":{"start":{"line":25,"column":14},"end":{"line":25,"column":34}},"12":{"start":{"line":29,"column":10},"end":{"line":29,"column":41}},"13":{"start":{"line":35,"column":2},"end":{"line":35,"column":29}}},"fnMap":{"0":{"name":"classnames","decl":{"start":{"line":12,"column":24},"end":{"line":12,"column":34}},"loc":{"start":{"line":12,"column":72},"end":{"line":36,"column":1}},"line":12}},"branchMap":{"0":{"loc":{"start":{"line":18,"column":4},"end":{"line":32,"column":5}},"type":"if","locations":[{"start":{"line":18,"column":4},"end":{"line":32,"column":5}},{"start":{},"end":{}}],"line":18},"1":{"loc":{"start":{"line":19,"column":6},"end":{"line":31,"column":7}},"type":"if","locations":[{"start":{"line":19,"column":6},"end":{"line":31,"column":7}},{"start":{"line":21,"column":13},"end":{"line":31,"column":7}}],"line":19},"2":{"loc":{"start":{"line":21,"column":13},"end":{"line":31,"column":7}},"type":"if","locations":[{"start":{"line":21,"column":13},"end":{"line":31,"column":7}},{"start":{},"end":{}}],"line":21},"3":{"loc":{"start":{"line":22,"column":8},"end":{"line":30,"column":9}},"type":"if","locations":[{"start":{"line":22,"column":8},"end":{"line":30,"column":9}},{"start":{"line":28,"column":15},"end":{"line":30,"column":9}}],"line":22},"4":{"loc":{"start":{"line":24,"column":12},"end":{"line":26,"column":13}},"type":"if","locations":[{"start":{"line":24,"column":12},"end":{"line":26,"column":13}},{"start":{},"end":{}}],"line":24},"5":{"loc":{"start":{"line":24,"column":16},"end":{"line":24,"column":74}},"type":"binary-expr","locations":[{"start":{"line":24,"column":16},"end":{"line":24,"column":62}},{"start":{"line":24,"column":66},"end":{"line":24,"column":74}}],"line":24}},"s":{"0":4,"1":4,"2":4,"3":11,"4":11,"5":8,"6":3,"7":5,"8":4,"9":4,"10":4,"11":3,"12":0,"13":4},"f":{"0":4},"b":{"0":[8,3],"1":[3,5],"2":[4,1],"3":[4,0],"4":[3,1],"5":[4,4]},"_coverageSchema":"1a1c01bbd47fc00a2c39e90264f33305004495a9","hash":"fac6501b6614440b3be9a1fd9204687606444ecc"}
,"/Users/aras/Desktop/GitHub/mandalina/src/functions/uid/uid.ts": {"path":"/Users/aras/Desktop/GitHub/mandalina/src/functions/uid/uid.ts","statementMap":{"0":{"start":{"line":11,"column":2},"end":{"line":16,"column":4}},"1":{"start":{"line":12,"column":19},"end":{"line":12,"column":43}},"2":{"start":{"line":13,"column":19},"end":{"line":13,"column":65}},"3":{"start":{"line":15,"column":4},"end":{"line":15,"column":30}}},"fnMap":{"0":{"name":"uid","decl":{"start":{"line":10,"column":24},"end":{"line":10,"column":27}},"loc":{"start":{"line":10,"column":38},"end":{"line":17,"column":1}},"line":10},"1":{"name":"(anonymous_1)","decl":{"start":{"line":11,"column":51},"end":{"line":11,"column":52}},"loc":{"start":{"line":11,"column":63},"end":{"line":16,"column":3}},"line":11}},"branchMap":{"0":{"loc":{"start":{"line":13,"column":19},"end":{"line":13,"column":65}},"type":"cond-expr","locations":[{"start":{"line":13,"column":36},"end":{"line":13,"column":42}},{"start":{"line":13,"column":45},"end":{"line":13,"column":65}}],"line":13}},"s":{"0":1,"1":24,"2":24,"3":24},"f":{"0":1,"1":24},"b":{"0":[24,0]},"_coverageSchema":"1a1c01bbd47fc00a2c39e90264f33305004495a9","hash":"8e16a4d179d4caa2193ede7309721c95019c0588"}
,"/Users/aras/Desktop/GitHub/mandalina/src/utils/crypto/crypto.ts": {"path":"/Users/aras/Desktop/GitHub/mandalina/src/utils/crypto/crypto.ts","statementMap":{"0":{"start":{"line":11,"column":22},"end":{"line":13,"column":1}},"1":{"start":{"line":12,"column":2},"end":{"line":12,"column":40}},"2":{"start":{"line":25,"column":22},"end":{"line":31,"column":1}},"3":{"start":{"line":26,"column":2},"end":{"line":30,"column":3}},"4":{"start":{"line":27,"column":4},"end":{"line":27,"column":42}},"5":{"start":{"line":29,"column":4},"end":{"line":29,"column":13}}},"fnMap":{"0":{"name":"(anonymous_0)","decl":{"start":{"line":11,"column":22},"end":{"line":11,"column":23}},"loc":{"start":{"line":11,"column":49},"end":{"line":13,"column":1}},"line":11},"1":{"name":"(anonymous_1)","decl":{"start":{"line":25,"column":22},"end":{"line":25,"column":23}},"loc":{"start":{"line":25,"column":49},"end":{"line":31,"column":1}},"line":25}},"branchMap":{},"s":{"0":1,"1":1,"2":1,"3":1,"4":1,"5":0},"f":{"0":1,"1":1},"b":{},"_coverageSchema":"1a1c01bbd47fc00a2c39e90264f33305004495a9","hash":"009a7c4e45bd44b68c724c7d2454b12a28a12f4a"}
,"/Users/aras/Desktop/GitHub/mandalina/src/utils/number/number.ts": {"path":"/Users/aras/Desktop/GitHub/mandalina/src/utils/number/number.ts","statementMap":{"0":{"start":{"line":11,"column":20},"end":{"line":13,"column":1}},"1":{"start":{"line":12,"column":2},"end":{"line":12,"column":28}}},"fnMap":{"0":{"name":"(anonymous_0)","decl":{"start":{"line":11,"column":20},"end":{"line":11,"column":21}},"loc":{"start":{"line":11,"column":45},"end":{"line":13,"column":1}},"line":11}},"branchMap":{},"s":{"0":1,"1":2},"f":{"0":2},"b":{},"_coverageSchema":"1a1c01bbd47fc00a2c39e90264f33305004495a9","hash":"18c352fb3392e3ee21ed71f210dcebfd3e75417e"}
,"/Users/aras/Desktop/GitHub/mandalina/src/utils/string/string.ts": {"path":"/Users/aras/Desktop/GitHub/mandalina/src/utils/string/string.ts","statementMap":{"0":{"start":{"line":9,"column":24},"end":{"line":21,"column":1}},"1":{"start":{"line":10,"column":2},"end":{"line":18,"column":3}},"2":{"start":{"line":11,"column":16},"end":{"line":11,"column":39}},"3":{"start":{"line":13,"column":4},"end":{"line":15,"column":5}},"4":{"start":{"line":14,"column":6},"end":{"line":14,"column":42}},"5":{"start":{"line":17,"column":4},"end":{"line":17,"column":14}},"6":{"start":{"line":20,"column":2},"end":{"line":20,"column":11}}},"fnMap":{"0":{"name":"(anonymous_0)","decl":{"start":{"line":9,"column":24},"end":{"line":9,"column":25}},"loc":{"start":{"line":9,"column":62},"end":{"line":21,"column":1}},"line":9}},"branchMap":{"0":{"loc":{"start":{"line":9,"column":38},"end":{"line":9,"column":49}},"type":"default-arg","locations":[{"start":{"line":9,"column":46},"end":{"line":9,"column":49}}],"line":9},"1":{"loc":{"start":{"line":10,"column":2},"end":{"line":18,"column":3}},"type":"if","locations":[{"start":{"line":10,"column":2},"end":{"line":18,"column":3}},{"start":{},"end":{}}],"line":10},"2":{"loc":{"start":{"line":13,"column":4},"end":{"line":15,"column":5}},"type":"if","locations":[{"start":{"line":13,"column":4},"end":{"line":15,"column":5}},{"start":{},"end":{}}],"line":13}},"s":{"0":1,"1":2,"2":2,"3":2,"4":1,"5":1,"6":0},"f":{"0":2},"b":{"0":[0],"1":[2,0],"2":[1,1]},"_coverageSchema":"1a1c01bbd47fc00a2c39e90264f33305004495a9","hash":"948de7d693ff776c72fb3f5bd8345d0ee9c82dfd"}
}
