TN:
SF:src/functions/classnames/classnames.ts
FN:12,classnames
FNF:1
FNH:1
FNDA:4,classnames
DA:13,4
DA:15,4
DA:16,11
DA:18,11
DA:19,8
DA:20,3
DA:21,5
DA:22,4
DA:23,4
DA:24,4
DA:25,3
DA:29,0
DA:35,4
LF:13
LH:12
BRDA:18,0,0,8
BRDA:18,0,1,3
BRDA:19,1,0,3
BRDA:19,1,1,5
BRDA:21,2,0,4
BRDA:21,2,1,1
BRDA:22,3,0,4
BRDA:22,3,1,0
BRDA:24,4,0,3
BRDA:24,4,1,1
BRDA:24,5,0,4
BRDA:24,5,1,4
BRF:12
BRH:11
end_of_record
TN:
SF:src/functions/uid/uid.ts
FN:10,uid
FN:11,(anonymous_1)
FNF:2
FNH:2
FNDA:1,uid
FNDA:24,(anonymous_1)
DA:11,1
DA:12,24
DA:13,24
DA:15,24
LF:4
LH:4
BRDA:13,0,0,24
BRDA:13,0,1,0
BRF:2
BRH:1
end_of_record
TN:
SF:src/utils/crypto/crypto.ts
FN:11,(anonymous_0)
FN:25,(anonymous_1)
FNF:2
FNH:2
FNDA:1,(anonymous_0)
FNDA:1,(anonymous_1)
DA:11,1
DA:12,1
DA:25,1
DA:26,1
DA:27,1
DA:29,0
LF:6
LH:5
BRF:0
BRH:0
end_of_record
TN:
SF:src/utils/number/number.ts
FN:11,(anonymous_0)
FNF:1
FNH:1
FNDA:2,(anonymous_0)
DA:11,1
DA:12,2
LF:2
LH:2
BRF:0
BRH:0
end_of_record
TN:
SF:src/utils/string/string.ts
FN:9,(anonymous_0)
FNF:1
FNH:1
FNDA:2,(anonymous_0)
DA:9,1
DA:10,2
DA:11,2
DA:13,2
DA:14,1
DA:17,1
DA:20,0
LF:7
LH:6
BRDA:9,0,0,0
BRDA:10,1,0,2
BRDA:10,1,1,0
BRDA:13,2,0,1
BRDA:13,2,1,1
BRF:5
BRH:3
end_of_record
